<?xml version="1.0" encoding="UTF-8"?>
<!-- Generated by org.testng.reporters.JUnitReportReporter -->
<testsuite hostname="DESKTOP-7114NCB" failures="0" tests="1" name="sample1.Myp2Test" time="0.012" errors="0" timestamp="2023-05-30T16:30:43 IST" skipped="0">
  <testcase classname="sample1.Myp2Test" name="m2" time="0.012"/>
  <system-out/>
</testsuite> <!-- sample1.Myp2Test -->
